{
  "stats": {
    "suites": 1,
    "tests": 5,
    "passes": 5,
    "pending": 0,
    "failures": 0,
    "start": "2019-09-29T19:14:53.360Z",
    "end": "2019-09-29T19:15:04.226Z",
    "duration": 10866,
    "testsRegistered": 5,
    "passPercent": 100,
    "pendingPercent": 0,
    "other": 0,
    "hasOther": false,
    "skipped": 0,
    "hasSkipped": false
  },
  "results": [
    {
      "uuid": "c45dfc6a-aef2-4e07-8d9f-20e091e015a9",
      "title": "",
      "fullFile": "",
      "file": "",
      "beforeHooks": [],
      "afterHooks": [],
      "tests": [],
      "suites": [
        {
          "uuid": "fd979929-2879-4192-ade6-077b4c774267",
          "title": "Sections",
          "fullFile": "",
          "file": "",
          "beforeHooks": [],
          "afterHooks": [],
          "tests": [
            {
              "title": "should verify section title",
              "fullTitle": "Sections should verify section title",
              "timedOut": null,
              "duration": 3777,
              "state": "passed",
              "speed": "slow",
              "pass": true,
              "fail": false,
              "pending": false,
              "context": null,
              "code": "const state = window.testState;\nreturn cy\n  .then(() => state.onStartScenario(scenario, indexedSteps))\n  .then(() => resolveAndRunBeforeHooks.call(this, scenario.tags))\n  .then(() =>\n    indexedSteps.forEach(step => stepTest.call(this, state, step, rowData))\n  )\n  .then(() => resolveAndRunAfterHooks.call(this, scenario.tags))\n  .then(() => state.onFinishScenario(scenario));",
              "err": {},
              "uuid": "1e43a8f4-2fde-40e3-9561-76c28d2acd17",
              "parentUUID": "fd979929-2879-4192-ade6-077b4c774267",
              "isHook": false,
              "skipped": false
            },
            {
              "title": "should be possible move tile from Applied to Interviewing section",
              "fullTitle": "Sections should be possible move tile from Applied to Interviewing section",
              "timedOut": null,
              "duration": 1225,
              "state": "passed",
              "speed": "slow",
              "pass": true,
              "fail": false,
              "pending": false,
              "context": null,
              "code": "const state = window.testState;\nreturn cy\n  .then(() => state.onStartScenario(scenario, indexedSteps))\n  .then(() => resolveAndRunBeforeHooks.call(this, scenario.tags))\n  .then(() =>\n    indexedSteps.forEach(step => stepTest.call(this, state, step, rowData))\n  )\n  .then(() => resolveAndRunAfterHooks.call(this, scenario.tags))\n  .then(() => state.onFinishScenario(scenario));",
              "err": {},
              "uuid": "4b3f9fce-a1ab-40c0-affa-33a25d98f8eb",
              "parentUUID": "fd979929-2879-4192-ade6-077b4c774267",
              "isHook": false,
              "skipped": false
            },
            {
              "title": "should be possible move tile from Hired to Interviewing section",
              "fullTitle": "Sections should be possible move tile from Hired to Interviewing section",
              "timedOut": null,
              "duration": 2298,
              "state": "passed",
              "speed": "slow",
              "pass": true,
              "fail": false,
              "pending": false,
              "context": null,
              "code": "const state = window.testState;\nreturn cy\n  .then(() => state.onStartScenario(scenario, indexedSteps))\n  .then(() => resolveAndRunBeforeHooks.call(this, scenario.tags))\n  .then(() =>\n    indexedSteps.forEach(step => stepTest.call(this, state, step, rowData))\n  )\n  .then(() => resolveAndRunAfterHooks.call(this, scenario.tags))\n  .then(() => state.onFinishScenario(scenario));",
              "err": {},
              "uuid": "89736b28-2a74-4eb7-89a0-c88b84e1049c",
              "parentUUID": "fd979929-2879-4192-ade6-077b4c774267",
              "isHook": false,
              "skipped": false
            },
            {
              "title": "should be possible move tile from Applied to Hired section",
              "fullTitle": "Sections should be possible move tile from Applied to Hired section",
              "timedOut": null,
              "duration": 1933,
              "state": "passed",
              "speed": "slow",
              "pass": true,
              "fail": false,
              "pending": false,
              "context": null,
              "code": "const state = window.testState;\nreturn cy\n  .then(() => state.onStartScenario(scenario, indexedSteps))\n  .then(() => resolveAndRunBeforeHooks.call(this, scenario.tags))\n  .then(() =>\n    indexedSteps.forEach(step => stepTest.call(this, state, step, rowData))\n  )\n  .then(() => resolveAndRunAfterHooks.call(this, scenario.tags))\n  .then(() => state.onFinishScenario(scenario));",
              "err": {},
              "uuid": "8097dbdf-8903-4123-ba6b-f39c055f54ce",
              "parentUUID": "fd979929-2879-4192-ade6-077b4c774267",
              "isHook": false,
              "skipped": false
            },
            {
              "title": "should be possible move tile from Hired to Applied section",
              "fullTitle": "Sections should be possible move tile from Hired to Applied section",
              "timedOut": null,
              "duration": 1302,
              "state": "passed",
              "speed": "slow",
              "pass": true,
              "fail": false,
              "pending": false,
              "context": null,
              "code": "const state = window.testState;\nreturn cy\n  .then(() => state.onStartScenario(scenario, indexedSteps))\n  .then(() => resolveAndRunBeforeHooks.call(this, scenario.tags))\n  .then(() =>\n    indexedSteps.forEach(step => stepTest.call(this, state, step, rowData))\n  )\n  .then(() => resolveAndRunAfterHooks.call(this, scenario.tags))\n  .then(() => state.onFinishScenario(scenario));",
              "err": {},
              "uuid": "a25d4d6d-c345-4b25-844f-5d2706b04bbe",
              "parentUUID": "fd979929-2879-4192-ade6-077b4c774267",
              "isHook": false,
              "skipped": false
            }
          ],
          "suites": [],
          "passes": [
            "1e43a8f4-2fde-40e3-9561-76c28d2acd17",
            "4b3f9fce-a1ab-40c0-affa-33a25d98f8eb",
            "89736b28-2a74-4eb7-89a0-c88b84e1049c",
            "8097dbdf-8903-4123-ba6b-f39c055f54ce",
            "a25d4d6d-c345-4b25-844f-5d2706b04bbe"
          ],
          "failures": [],
          "pending": [],
          "skipped": [],
          "duration": 10535,
          "root": false,
          "rootEmpty": false,
          "_timeout": 2000
        }
      ],
      "passes": [],
      "failures": [],
      "pending": [],
      "skipped": [],
      "duration": 0,
      "root": true,
      "rootEmpty": true,
      "_timeout": 2000
    }
  ],
  "meta": {
    "mocha": {
      "version": "6.2.1"
    },
    "mochawesome": {
      "options": {
        "quiet": true,
        "reportFilename": "mochawesome",
        "saveHtml": false,
        "saveJson": true,
        "consoleReporter": "spec",
        "useInlineDiffs": false
      },
      "version": "4.1.0"
    },
    "marge": {
      "options": {
        "id": "default",
        "reportDir": "cypress/reports/mocha",
        "quiet": true,
        "overwrite": false,
        "html": false,
        "json": true
      },
      "version": "4.0.1"
    }
  }
}