{
  "stats": {
    "suites": 1,
    "tests": 1,
    "passes": 1,
    "pending": 0,
    "failures": 0,
    "start": "2019-09-29T19:15:15.154Z",
    "end": "2019-09-29T19:15:17.338Z",
    "duration": 2184,
    "testsRegistered": 1,
    "passPercent": 100,
    "pendingPercent": 0,
    "other": 0,
    "hasOther": false,
    "skipped": 0,
    "hasSkipped": false
  },
  "results": [
    {
      "uuid": "a5dcaa34-c48d-4ac6-b13b-87e555853daf",
      "title": "",
      "fullFile": "",
      "file": "",
      "beforeHooks": [],
      "afterHooks": [],
      "tests": [],
      "suites": [
        {
          "uuid": "3fc08fca-6695-4aef-93c9-a700830ded84",
          "title": "Tile",
          "fullFile": "",
          "file": "",
          "beforeHooks": [],
          "afterHooks": [],
          "tests": [
            {
              "title": "should verify tile name, city, image",
              "fullTitle": "Tile should verify tile name, city, image",
              "timedOut": null,
              "duration": 1910,
              "state": "passed",
              "speed": "slow",
              "pass": true,
              "fail": false,
              "pending": false,
              "context": null,
              "code": "const state = window.testState;\nreturn cy\n  .then(() => state.onStartScenario(scenario, indexedSteps))\n  .then(() => resolveAndRunBeforeHooks.call(this, scenario.tags))\n  .then(() =>\n    indexedSteps.forEach(step => stepTest.call(this, state, step, rowData))\n  )\n  .then(() => resolveAndRunAfterHooks.call(this, scenario.tags))\n  .then(() => state.onFinishScenario(scenario));",
              "err": {},
              "uuid": "f49cc1c5-4ece-4015-ac80-6e3d5e2b2225",
              "parentUUID": "3fc08fca-6695-4aef-93c9-a700830ded84",
              "isHook": false,
              "skipped": false
            }
          ],
          "suites": [],
          "passes": [
            "f49cc1c5-4ece-4015-ac80-6e3d5e2b2225"
          ],
          "failures": [],
          "pending": [],
          "skipped": [],
          "duration": 1910,
          "root": false,
          "rootEmpty": false,
          "_timeout": 2000
        }
      ],
      "passes": [],
      "failures": [],
      "pending": [],
      "skipped": [],
      "duration": 0,
      "root": true,
      "rootEmpty": true,
      "_timeout": 2000
    }
  ],
  "meta": {
    "mocha": {
      "version": "6.2.1"
    },
    "mochawesome": {
      "options": {
        "quiet": true,
        "reportFilename": "mochawesome",
        "saveHtml": false,
        "saveJson": true,
        "consoleReporter": "spec",
        "useInlineDiffs": false
      },
      "version": "4.1.0"
    },
    "marge": {
      "options": {
        "id": "default",
        "reportDir": "cypress/reports/mocha",
        "quiet": true,
        "overwrite": false,
        "html": false,
        "json": true
      },
      "version": "4.0.1"
    }
  }
}