{
  "stats": {
    "suites": 1,
    "tests": 5,
    "passes": 0,
    "pending": 0,
    "failures": 5,
    "start": "2019-09-29T19:09:34.819Z",
    "end": "2019-09-29T19:09:41.045Z",
    "duration": 6226,
    "testsRegistered": 5,
    "passPercent": 0,
    "pendingPercent": 0,
    "other": 1,
    "hasOther": true,
    "skipped": 0,
    "hasSkipped": false
  },
  "results": [
    {
      "uuid": "2ab2769a-fab0-427a-804e-0074390f542d",
      "title": "",
      "fullFile": "",
      "file": "",
      "beforeHooks": [],
      "afterHooks": [],
      "tests": [],
      "suites": [
        {
          "uuid": "824a3931-154c-4add-95fd-017b0a4b432b",
          "title": "Sections",
          "fullFile": "",
          "file": "",
          "beforeHooks": [],
          "afterHooks": [],
          "tests": [
            {
              "title": "should verify section title",
              "fullTitle": "Sections should verify section title",
              "timedOut": null,
              "duration": 1121,
              "state": "failed",
              "speed": null,
              "pass": false,
              "fail": true,
              "pending": false,
              "context": null,
              "code": "const state = window.testState;\nreturn cy\n  .then(() => state.onStartScenario(scenario, indexedSteps))\n  .then(() => resolveAndRunBeforeHooks.call(this, scenario.tags))\n  .then(() =>\n    indexedSteps.forEach(step => stepTest.call(this, state, step, rowData))\n  )\n  .then(() => resolveAndRunAfterHooks.call(this, scenario.tags))\n  .then(() => state.onFinishScenario(scenario));",
              "err": {
                "message": "SecurityError: Blocked a frame with origin \"http://localhost:5000\" from accessing a cross-origin frame.",
                "estack": "Error: Blocked a frame with origin \"http://localhost:5000\" from accessing a cross-origin frame.\n    at setWindowDocumentProps (http://localhost:5000/__cypress/runner/cypress_runner.js:79573:42)\n    at HTMLIFrameElement.<anonymous> (http://localhost:5000/__cypress/runner/cypress_runner.js:80173:11)\n    at HTMLIFrameElement.dispatch (http://localhost:5000/__cypress/runner/cypress_runner.js:16545:27)\n    at HTMLIFrameElement.elemData.handle (http://localhost:5000/__cypress/runner/cypress_runner.js:16357:28)",
                "diff": null
              },
              "uuid": "00059f54-3a12-409c-8545-4d2fd81380dd",
              "parentUUID": "824a3931-154c-4add-95fd-017b0a4b432b",
              "isHook": false,
              "skipped": false
            },
            {
              "title": "should be possible move tile from Applied to Interviewing section",
              "fullTitle": "Sections should be possible move tile from Applied to Interviewing section",
              "timedOut": null,
              "duration": 470,
              "state": "failed",
              "speed": null,
              "pass": false,
              "fail": true,
              "pending": false,
              "context": null,
              "code": "const state = window.testState;\nreturn cy\n  .then(() => state.onStartScenario(scenario, indexedSteps))\n  .then(() => resolveAndRunBeforeHooks.call(this, scenario.tags))\n  .then(() =>\n    indexedSteps.forEach(step => stepTest.call(this, state, step, rowData))\n  )\n  .then(() => resolveAndRunAfterHooks.call(this, scenario.tags))\n  .then(() => state.onFinishScenario(scenario));",
              "err": {
                "message": "SecurityError: Blocked a frame with origin \"http://localhost:5000\" from accessing a cross-origin frame.",
                "estack": "Error: Blocked a frame with origin \"http://localhost:5000\" from accessing a cross-origin frame.\n    at jquery (http://localhost:5000/__cypress/runner/cypress_runner.js:77103:46)\n    at Object.getRemotejQueryInstance (http://localhost:5000/__cypress/runner/cypress_runner.js:77108:22)\n    at Context.thenFn (http://localhost:5000/__cypress/runner/cypress_runner.js:71849:24)\n    at Context.then (http://localhost:5000/__cypress/runner/cypress_runner.js:72229:21)\n    at Context.<anonymous> (http://localhost:5000/__cypress/runner/cypress_runner.js:80256:21)\n    at http://localhost:5000/__cypress/runner/cypress_runner.js:79783:33\n    at tryCatcher (http://localhost:5000/__cypress/runner/cypress_runner.js:118962:23)\n    at Promise._settlePromiseFromHandler (http://localhost:5000/__cypress/runner/cypress_runner.js:116898:31)\n    at Promise._settlePromise (http://localhost:5000/__cypress/runner/cypress_runner.js:116955:18)\n    at Promise._settlePromiseCtx (http://localhost:5000/__cypress/runner/cypress_runner.js:116992:10)\n    at Async../node_modules/bluebird/js/release/async.js.Async._drainQueue (http://localhost:5000/__cypress/runner/cypress_runner.js:113692:12)\n    at Async../node_modules/bluebird/js/release/async.js.Async._drainQueues (http://localhost:5000/__cypress/runner/cypress_runner.js:113697:10)\n    at Async.drainQueues (http://localhost:5000/__cypress/runner/cypress_runner.js:113571:14)\n    at <anonymous>",
                "diff": null
              },
              "uuid": "02a80202-23d1-47d2-89a4-b5ddd4a6170f",
              "parentUUID": "824a3931-154c-4add-95fd-017b0a4b432b",
              "isHook": false,
              "skipped": false
            },
            {
              "title": "should be possible move tile from Hired to Interviewing section",
              "fullTitle": "Sections should be possible move tile from Hired to Interviewing section",
              "timedOut": null,
              "duration": 441,
              "state": "failed",
              "speed": null,
              "pass": false,
              "fail": true,
              "pending": false,
              "context": null,
              "code": "const state = window.testState;\nreturn cy\n  .then(() => state.onStartScenario(scenario, indexedSteps))\n  .then(() => resolveAndRunBeforeHooks.call(this, scenario.tags))\n  .then(() =>\n    indexedSteps.forEach(step => stepTest.call(this, state, step, rowData))\n  )\n  .then(() => resolveAndRunAfterHooks.call(this, scenario.tags))\n  .then(() => state.onFinishScenario(scenario));",
              "err": {
                "message": "SecurityError: Blocked a frame with origin \"http://localhost:5000\" from accessing a cross-origin frame.",
                "estack": "Error: Blocked a frame with origin \"http://localhost:5000\" from accessing a cross-origin frame.\n    at jquery (http://localhost:5000/__cypress/runner/cypress_runner.js:77103:46)\n    at Object.getRemotejQueryInstance (http://localhost:5000/__cypress/runner/cypress_runner.js:77108:22)\n    at Context.thenFn (http://localhost:5000/__cypress/runner/cypress_runner.js:71849:24)\n    at Context.then (http://localhost:5000/__cypress/runner/cypress_runner.js:72229:21)\n    at Context.<anonymous> (http://localhost:5000/__cypress/runner/cypress_runner.js:80256:21)\n    at http://localhost:5000/__cypress/runner/cypress_runner.js:79783:33\n    at tryCatcher (http://localhost:5000/__cypress/runner/cypress_runner.js:118962:23)\n    at Promise._settlePromiseFromHandler (http://localhost:5000/__cypress/runner/cypress_runner.js:116898:31)\n    at Promise._settlePromise (http://localhost:5000/__cypress/runner/cypress_runner.js:116955:18)\n    at Promise._settlePromiseCtx (http://localhost:5000/__cypress/runner/cypress_runner.js:116992:10)\n    at Async../node_modules/bluebird/js/release/async.js.Async._drainQueue (http://localhost:5000/__cypress/runner/cypress_runner.js:113692:12)\n    at Async../node_modules/bluebird/js/release/async.js.Async._drainQueues (http://localhost:5000/__cypress/runner/cypress_runner.js:113697:10)\n    at Async.drainQueues (http://localhost:5000/__cypress/runner/cypress_runner.js:113571:14)\n    at <anonymous>",
                "diff": null
              },
              "uuid": "31ef0d96-b3e2-4dc9-8dce-5612f36286d9",
              "parentUUID": "824a3931-154c-4add-95fd-017b0a4b432b",
              "isHook": false,
              "skipped": false
            },
            {
              "title": "should be possible move tile from Applied to Hired section",
              "fullTitle": "Sections should be possible move tile from Applied to Hired section",
              "timedOut": null,
              "duration": 2260,
              "state": "failed",
              "speed": null,
              "pass": false,
              "fail": true,
              "pending": false,
              "context": null,
              "code": "const state = window.testState;\nreturn cy\n  .then(() => state.onStartScenario(scenario, indexedSteps))\n  .then(() => resolveAndRunBeforeHooks.call(this, scenario.tags))\n  .then(() =>\n    indexedSteps.forEach(step => stepTest.call(this, state, step, rowData))\n  )\n  .then(() => resolveAndRunAfterHooks.call(this, scenario.tags))\n  .then(() => state.onFinishScenario(scenario));",
              "err": {
                "message": "SecurityError: Blocked a frame with origin \"http://localhost:5000\" from accessing a cross-origin frame.",
                "estack": "Error: Blocked a frame with origin \"http://localhost:5000\" from accessing a cross-origin frame.\n    at jquery (http://localhost:5000/__cypress/runner/cypress_runner.js:77103:46)\n    at Object.getRemotejQueryInstance (http://localhost:5000/__cypress/runner/cypress_runner.js:77108:22)\n    at Context.thenFn (http://localhost:5000/__cypress/runner/cypress_runner.js:71849:24)\n    at Context.then (http://localhost:5000/__cypress/runner/cypress_runner.js:72229:21)\n    at Context.<anonymous> (http://localhost:5000/__cypress/runner/cypress_runner.js:80256:21)\n    at http://localhost:5000/__cypress/runner/cypress_runner.js:79783:33\n    at tryCatcher (http://localhost:5000/__cypress/runner/cypress_runner.js:118962:23)\n    at Promise._settlePromiseFromHandler (http://localhost:5000/__cypress/runner/cypress_runner.js:116898:31)\n    at Promise._settlePromise (http://localhost:5000/__cypress/runner/cypress_runner.js:116955:18)\n    at Promise._settlePromiseCtx (http://localhost:5000/__cypress/runner/cypress_runner.js:116992:10)\n    at Async../node_modules/bluebird/js/release/async.js.Async._drainQueue (http://localhost:5000/__cypress/runner/cypress_runner.js:113692:12)\n    at Async../node_modules/bluebird/js/release/async.js.Async._drainQueues (http://localhost:5000/__cypress/runner/cypress_runner.js:113697:10)\n    at Async.drainQueues (http://localhost:5000/__cypress/runner/cypress_runner.js:113571:14)\n    at <anonymous>",
                "diff": null
              },
              "uuid": "c5873d5d-15d3-4bcd-82b5-1614181077b5",
              "parentUUID": "824a3931-154c-4add-95fd-017b0a4b432b",
              "isHook": false,
              "skipped": false
            },
            {
              "title": "should be possible move tile from Hired to Applied section",
              "fullTitle": "Sections should be possible move tile from Hired to Applied section",
              "timedOut": null,
              "duration": 399,
              "state": "failed",
              "speed": null,
              "pass": false,
              "fail": true,
              "pending": false,
              "context": null,
              "code": "const state = window.testState;\nreturn cy\n  .then(() => state.onStartScenario(scenario, indexedSteps))\n  .then(() => resolveAndRunBeforeHooks.call(this, scenario.tags))\n  .then(() =>\n    indexedSteps.forEach(step => stepTest.call(this, state, step, rowData))\n  )\n  .then(() => resolveAndRunAfterHooks.call(this, scenario.tags))\n  .then(() => state.onFinishScenario(scenario));",
              "err": {
                "message": "SecurityError: Blocked a frame with origin \"http://localhost:5000\" from accessing a cross-origin frame.",
                "estack": "Error: Blocked a frame with origin \"http://localhost:5000\" from accessing a cross-origin frame.\n    at jquery (http://localhost:5000/__cypress/runner/cypress_runner.js:77103:46)\n    at Object.getRemotejQueryInstance (http://localhost:5000/__cypress/runner/cypress_runner.js:77108:22)\n    at Context.thenFn (http://localhost:5000/__cypress/runner/cypress_runner.js:71849:24)\n    at Context.then (http://localhost:5000/__cypress/runner/cypress_runner.js:72229:21)\n    at Context.<anonymous> (http://localhost:5000/__cypress/runner/cypress_runner.js:80256:21)\n    at http://localhost:5000/__cypress/runner/cypress_runner.js:79783:33\n    at tryCatcher (http://localhost:5000/__cypress/runner/cypress_runner.js:118962:23)\n    at Promise._settlePromiseFromHandler (http://localhost:5000/__cypress/runner/cypress_runner.js:116898:31)\n    at Promise._settlePromise (http://localhost:5000/__cypress/runner/cypress_runner.js:116955:18)\n    at Promise._settlePromiseCtx (http://localhost:5000/__cypress/runner/cypress_runner.js:116992:10)\n    at Async../node_modules/bluebird/js/release/async.js.Async._drainQueue (http://localhost:5000/__cypress/runner/cypress_runner.js:113692:12)\n    at Async../node_modules/bluebird/js/release/async.js.Async._drainQueues (http://localhost:5000/__cypress/runner/cypress_runner.js:113697:10)\n    at Async.drainQueues (http://localhost:5000/__cypress/runner/cypress_runner.js:113571:14)\n    at <anonymous>",
                "diff": null
              },
              "uuid": "518fb268-3f5f-4bbb-994c-5c17c3cf120a",
              "parentUUID": "824a3931-154c-4add-95fd-017b0a4b432b",
              "isHook": false,
              "skipped": false
            }
          ],
          "suites": [],
          "passes": [],
          "failures": [
            "00059f54-3a12-409c-8545-4d2fd81380dd",
            "02a80202-23d1-47d2-89a4-b5ddd4a6170f",
            "31ef0d96-b3e2-4dc9-8dce-5612f36286d9",
            "c5873d5d-15d3-4bcd-82b5-1614181077b5",
            "518fb268-3f5f-4bbb-994c-5c17c3cf120a"
          ],
          "pending": [],
          "skipped": [],
          "duration": 4691,
          "root": false,
          "rootEmpty": false,
          "_timeout": 2000
        }
      ],
      "passes": [],
      "failures": [],
      "pending": [],
      "skipped": [],
      "duration": 0,
      "root": true,
      "rootEmpty": true,
      "_timeout": 2000
    }
  ],
  "meta": {
    "mocha": {
      "version": "6.2.1"
    },
    "mochawesome": {
      "options": {
        "quiet": true,
        "reportFilename": "mochawesome",
        "saveHtml": false,
        "saveJson": true,
        "consoleReporter": "spec",
        "useInlineDiffs": false
      },
      "version": "4.1.0"
    },
    "marge": {
      "options": {
        "id": "default",
        "reportDir": "cypress/reports/mocha",
        "quiet": true,
        "overwrite": false,
        "html": false,
        "json": true
      },
      "version": "4.0.1"
    }
  }
}