{
  "stats": {
    "suites": 1,
    "tests": 1,
    "passes": 1,
    "pending": 0,
    "failures": 0,
    "start": "2019-09-29T20:14:15.671Z",
    "end": "2019-09-29T20:14:17.174Z",
    "duration": 1503,
    "testsRegistered": 1,
    "passPercent": 100,
    "pendingPercent": 0,
    "other": 0,
    "hasOther": false,
    "skipped": 0,
    "hasSkipped": false
  },
  "results": [
    {
      "uuid": "d8e137ee-111a-425e-82f1-e42b034b7ac1",
      "title": "",
      "fullFile": "",
      "file": "",
      "beforeHooks": [],
      "afterHooks": [],
      "tests": [],
      "suites": [
        {
          "uuid": "6c073ef3-531a-44bf-ab58-3d118176b576",
          "title": "Tile",
          "fullFile": "",
          "file": "",
          "beforeHooks": [],
          "afterHooks": [],
          "tests": [
            {
              "title": "should verify tile name, city, image",
              "fullTitle": "Tile should verify tile name, city, image",
              "timedOut": null,
              "duration": 1270,
              "state": "passed",
              "speed": "slow",
              "pass": true,
              "fail": false,
              "pending": false,
              "context": null,
              "code": "const state = window.testState;\nreturn cy\n  .then(() => state.onStartScenario(scenario, indexedSteps))\n  .then(() => resolveAndRunBeforeHooks.call(this, scenario.tags))\n  .then(() =>\n    indexedSteps.forEach(step => stepTest.call(this, state, step, rowData))\n  )\n  .then(() => resolveAndRunAfterHooks.call(this, scenario.tags))\n  .then(() => state.onFinishScenario(scenario));",
              "err": {},
              "uuid": "0c8e1a30-8c69-4f05-adf3-8a9f334cd226",
              "parentUUID": "6c073ef3-531a-44bf-ab58-3d118176b576",
              "isHook": false,
              "skipped": false
            }
          ],
          "suites": [],
          "passes": [
            "0c8e1a30-8c69-4f05-adf3-8a9f334cd226"
          ],
          "failures": [],
          "pending": [],
          "skipped": [],
          "duration": 1270,
          "root": false,
          "rootEmpty": false,
          "_timeout": 2000
        }
      ],
      "passes": [],
      "failures": [],
      "pending": [],
      "skipped": [],
      "duration": 0,
      "root": true,
      "rootEmpty": true,
      "_timeout": 2000
    }
  ],
  "meta": {
    "mocha": {
      "version": "6.2.1"
    },
    "mochawesome": {
      "options": {
        "quiet": true,
        "reportFilename": "mochawesome",
        "saveHtml": false,
        "saveJson": true,
        "consoleReporter": "spec",
        "useInlineDiffs": false
      },
      "version": "4.1.0"
    },
    "marge": {
      "options": {
        "id": "default",
        "reportDir": "cypress/reports/mocha",
        "quiet": true,
        "overwrite": false,
        "html": false,
        "json": true
      },
      "version": "4.0.1"
    }
  }
}