{
  "stats": {
    "suites": 1,
    "tests": 1,
    "passes": 0,
    "pending": 0,
    "failures": 1,
    "start": "2019-09-29T19:09:51.594Z",
    "end": "2019-09-29T19:10:00.788Z",
    "duration": 9194,
    "testsRegistered": 1,
    "passPercent": 0,
    "pendingPercent": 0,
    "other": 1,
    "hasOther": true,
    "skipped": 0,
    "hasSkipped": false
  },
  "results": [
    {
      "uuid": "63c04f3e-ddb6-45b8-96b9-bdedf856b50a",
      "title": "",
      "fullFile": "",
      "file": "",
      "beforeHooks": [],
      "afterHooks": [],
      "tests": [],
      "suites": [
        {
          "uuid": "b4005d61-ca6a-42e6-8075-acec7a796b58",
          "title": "Tile",
          "fullFile": "",
          "file": "",
          "beforeHooks": [],
          "afterHooks": [],
          "tests": [
            {
              "title": "should verify tile name, city, image",
              "fullTitle": "Tile should verify tile name, city, image",
              "timedOut": null,
              "duration": 4470,
              "state": "failed",
              "speed": null,
              "pass": false,
              "fail": true,
              "pending": false,
              "context": null,
              "code": "const state = window.testState;\nreturn cy\n  .then(() => state.onStartScenario(scenario, indexedSteps))\n  .then(() => resolveAndRunBeforeHooks.call(this, scenario.tags))\n  .then(() =>\n    indexedSteps.forEach(step => stepTest.call(this, state, step, rowData))\n  )\n  .then(() => resolveAndRunAfterHooks.call(this, scenario.tags))\n  .then(() => state.onFinishScenario(scenario));",
              "err": {
                "message": "Error: Cypress command timeout of '4000ms' exceeded.\n\nBecause this error occurred during a 'after all' hook we are skipping the remaining tests in the current suite: 'Tile'",
                "estack": "Error: Cypress command timeout of '4000ms' exceeded.\n\nBecause this error occurred during a 'after all' hook we are skipping the remaining tests in the current suite: 'Tile'\n    at http://localhost:5000/__cypress/runner/cypress_runner.js:82978:25",
                "diff": null
              },
              "uuid": "c6bf8eed-b912-4736-8f1d-74adcc1b1d8e",
              "parentUUID": "b4005d61-ca6a-42e6-8075-acec7a796b58",
              "isHook": false,
              "skipped": false
            }
          ],
          "suites": [],
          "passes": [],
          "failures": [
            "c6bf8eed-b912-4736-8f1d-74adcc1b1d8e"
          ],
          "pending": [],
          "skipped": [],
          "duration": 4470,
          "root": false,
          "rootEmpty": false,
          "_timeout": 2000
        }
      ],
      "passes": [],
      "failures": [],
      "pending": [],
      "skipped": [],
      "duration": 0,
      "root": true,
      "rootEmpty": true,
      "_timeout": 2000
    }
  ],
  "meta": {
    "mocha": {
      "version": "6.2.1"
    },
    "mochawesome": {
      "options": {
        "quiet": true,
        "reportFilename": "mochawesome",
        "saveHtml": false,
        "saveJson": true,
        "consoleReporter": "spec",
        "useInlineDiffs": false
      },
      "version": "4.1.0"
    },
    "marge": {
      "options": {
        "id": "default",
        "reportDir": "cypress/reports/mocha",
        "quiet": true,
        "overwrite": false,
        "html": false,
        "json": true
      },
      "version": "4.0.1"
    }
  }
}