<?xml version="1.0" encoding="UTF-8"?>
<testsuites name="Mocha Tests" time="1.748" tests="12" failures="12">
  <testsuite name="Root Suite" timestamp="2019-09-29T19:09:19" tests="0" failures="0" time="0">
  </testsuite>
  <testsuite name="Filters" timestamp="2019-09-29T19:09:19" tests="12" failures="12" time="1.748">
    <testcase name="Filters should be possible apply filter by name (example #1)" time="1.456" classname="should be possible apply filter by name (example #1)">
    </testcase>
    <testcase name="Filters should be possible apply filter by name (example #2)" time="0" classname="should be possible apply filter by name (example #2)">
      <failure message="Blocked a frame with origin &quot;http://localhost:5000&quot; from accessing a cross-origin frame." type="SecurityError"><![CDATA[Error: Blocked a frame with origin "http://localhost:5000" from accessing a cross-origin frame.
    at setWindowDocumentProps (http://localhost:5000/__cypress/runner/cypress_runner.js:79573:42)
    at HTMLIFrameElement.<anonymous> (http://localhost:5000/__cypress/runner/cypress_runner.js:80173:11)
    at HTMLIFrameElement.dispatch (http://localhost:5000/__cypress/runner/cypress_runner.js:16545:27)
    at HTMLIFrameElement.elemData.handle (http://localhost:5000/__cypress/runner/cypress_runner.js:16357:28)]]></failure>
    </testcase>
    <testcase name="Filters should be possible apply filter by name (example #3)" time="0" classname="should be possible apply filter by name (example #3)">
      <failure message="Blocked a frame with origin &quot;http://localhost:5000&quot; from accessing a cross-origin frame." type="SecurityError"><![CDATA[Error: Blocked a frame with origin "http://localhost:5000" from accessing a cross-origin frame.
    at jquery (http://localhost:5000/__cypress/runner/cypress_runner.js:77103:46)
    at Object.getRemotejQueryInstance (http://localhost:5000/__cypress/runner/cypress_runner.js:77108:22)
    at Context.thenFn (http://localhost:5000/__cypress/runner/cypress_runner.js:71849:24)
    at Context.then (http://localhost:5000/__cypress/runner/cypress_runner.js:72229:21)
    at Context.<anonymous> (http://localhost:5000/__cypress/runner/cypress_runner.js:80256:21)
    at http://localhost:5000/__cypress/runner/cypress_runner.js:79783:33
    at tryCatcher (http://localhost:5000/__cypress/runner/cypress_runner.js:118962:23)
    at Promise._settlePromiseFromHandler (http://localhost:5000/__cypress/runner/cypress_runner.js:116898:31)
    at Promise._settlePromise (http://localhost:5000/__cypress/runner/cypress_runner.js:116955:18)
    at Promise._settlePromiseCtx (http://localhost:5000/__cypress/runner/cypress_runner.js:116992:10)
    at Async../node_modules/bluebird/js/release/async.js.Async._drainQueue (http://localhost:5000/__cypress/runner/cypress_runner.js:113692:12)
    at Async../node_modules/bluebird/js/release/async.js.Async._drainQueues (http://localhost:5000/__cypress/runner/cypress_runner.js:113697:10)
    at Async.drainQueues (http://localhost:5000/__cypress/runner/cypress_runner.js:113571:14)
    at <anonymous>]]></failure>
    </testcase>
    <testcase name="Filters should be possible apply filter by name and city (example #1)" time="0" classname="should be possible apply filter by name and city (example #1)">
      <failure message="Blocked a frame with origin &quot;http://localhost:5000&quot; from accessing a cross-origin frame." type="SecurityError"><![CDATA[Error: Blocked a frame with origin "http://localhost:5000" from accessing a cross-origin frame.
    at jquery (http://localhost:5000/__cypress/runner/cypress_runner.js:77103:46)
    at Object.getRemotejQueryInstance (http://localhost:5000/__cypress/runner/cypress_runner.js:77108:22)
    at Context.thenFn (http://localhost:5000/__cypress/runner/cypress_runner.js:71849:24)
    at Context.then (http://localhost:5000/__cypress/runner/cypress_runner.js:72229:21)
    at Context.<anonymous> (http://localhost:5000/__cypress/runner/cypress_runner.js:80256:21)
    at http://localhost:5000/__cypress/runner/cypress_runner.js:79783:33
    at tryCatcher (http://localhost:5000/__cypress/runner/cypress_runner.js:118962:23)
    at Promise._settlePromiseFromHandler (http://localhost:5000/__cypress/runner/cypress_runner.js:116898:31)
    at Promise._settlePromise (http://localhost:5000/__cypress/runner/cypress_runner.js:116955:18)
    at Promise._settlePromiseCtx (http://localhost:5000/__cypress/runner/cypress_runner.js:116992:10)
    at Async../node_modules/bluebird/js/release/async.js.Async._drainQueue (http://localhost:5000/__cypress/runner/cypress_runner.js:113692:12)
    at Async../node_modules/bluebird/js/release/async.js.Async._drainQueues (http://localhost:5000/__cypress/runner/cypress_runner.js:113697:10)
    at Async.drainQueues (http://localhost:5000/__cypress/runner/cypress_runner.js:113571:14)
    at <anonymous>]]></failure>
    </testcase>
    <testcase name="Filters should be possible apply filter by name and city (example #2)" time="0" classname="should be possible apply filter by name and city (example #2)">
      <failure message="Blocked a frame with origin &quot;http://localhost:5000&quot; from accessing a cross-origin frame." type="SecurityError"><![CDATA[Error: Blocked a frame with origin "http://localhost:5000" from accessing a cross-origin frame.
    at jquery (http://localhost:5000/__cypress/runner/cypress_runner.js:77103:46)
    at Object.getRemotejQueryInstance (http://localhost:5000/__cypress/runner/cypress_runner.js:77108:22)
    at Context.thenFn (http://localhost:5000/__cypress/runner/cypress_runner.js:71849:24)
    at Context.then (http://localhost:5000/__cypress/runner/cypress_runner.js:72229:21)
    at Context.<anonymous> (http://localhost:5000/__cypress/runner/cypress_runner.js:80256:21)
    at http://localhost:5000/__cypress/runner/cypress_runner.js:79783:33
    at tryCatcher (http://localhost:5000/__cypress/runner/cypress_runner.js:118962:23)
    at Promise._settlePromiseFromHandler (http://localhost:5000/__cypress/runner/cypress_runner.js:116898:31)
    at Promise._settlePromise (http://localhost:5000/__cypress/runner/cypress_runner.js:116955:18)
    at Promise._settlePromiseCtx (http://localhost:5000/__cypress/runner/cypress_runner.js:116992:10)
    at Async../node_modules/bluebird/js/release/async.js.Async._drainQueue (http://localhost:5000/__cypress/runner/cypress_runner.js:113692:12)
    at Async../node_modules/bluebird/js/release/async.js.Async._drainQueues (http://localhost:5000/__cypress/runner/cypress_runner.js:113697:10)
    at Async.drainQueues (http://localhost:5000/__cypress/runner/cypress_runner.js:113571:14)
    at <anonymous>]]></failure>
    </testcase>
    <testcase name="Filters should be possible apply filter by name and city (example #3)" time="0" classname="should be possible apply filter by name and city (example #3)">
      <failure message="Blocked a frame with origin &quot;http://localhost:5000&quot; from accessing a cross-origin frame." type="SecurityError"><![CDATA[Error: Blocked a frame with origin "http://localhost:5000" from accessing a cross-origin frame.
    at jquery (http://localhost:5000/__cypress/runner/cypress_runner.js:77103:46)
    at Object.getRemotejQueryInstance (http://localhost:5000/__cypress/runner/cypress_runner.js:77108:22)
    at Context.thenFn (http://localhost:5000/__cypress/runner/cypress_runner.js:71849:24)
    at Context.then (http://localhost:5000/__cypress/runner/cypress_runner.js:72229:21)
    at Context.<anonymous> (http://localhost:5000/__cypress/runner/cypress_runner.js:80256:21)
    at http://localhost:5000/__cypress/runner/cypress_runner.js:79783:33
    at tryCatcher (http://localhost:5000/__cypress/runner/cypress_runner.js:118962:23)
    at Promise._settlePromiseFromHandler (http://localhost:5000/__cypress/runner/cypress_runner.js:116898:31)
    at Promise._settlePromise (http://localhost:5000/__cypress/runner/cypress_runner.js:116955:18)
    at Promise._settlePromiseCtx (http://localhost:5000/__cypress/runner/cypress_runner.js:116992:10)
    at Async../node_modules/bluebird/js/release/async.js.Async._drainQueue (http://localhost:5000/__cypress/runner/cypress_runner.js:113692:12)
    at Async../node_modules/bluebird/js/release/async.js.Async._drainQueues (http://localhost:5000/__cypress/runner/cypress_runner.js:113697:10)
    at Async.drainQueues (http://localhost:5000/__cypress/runner/cypress_runner.js:113571:14)
    at <anonymous>]]></failure>
    </testcase>
    <testcase name="Filters should be show empty results if filter by invalid name or invalid city (example #1)" time="0" classname="should be show empty results if filter by invalid name or invalid city (example #1)">
      <failure message="Blocked a frame with origin &quot;http://localhost:5000&quot; from accessing a cross-origin frame." type="SecurityError"><![CDATA[Error: Blocked a frame with origin "http://localhost:5000" from accessing a cross-origin frame.
    at jquery (http://localhost:5000/__cypress/runner/cypress_runner.js:77103:46)
    at Object.getRemotejQueryInstance (http://localhost:5000/__cypress/runner/cypress_runner.js:77108:22)
    at Context.thenFn (http://localhost:5000/__cypress/runner/cypress_runner.js:71849:24)
    at Context.then (http://localhost:5000/__cypress/runner/cypress_runner.js:72229:21)
    at Context.<anonymous> (http://localhost:5000/__cypress/runner/cypress_runner.js:80256:21)
    at http://localhost:5000/__cypress/runner/cypress_runner.js:79783:33
    at tryCatcher (http://localhost:5000/__cypress/runner/cypress_runner.js:118962:23)
    at Promise._settlePromiseFromHandler (http://localhost:5000/__cypress/runner/cypress_runner.js:116898:31)
    at Promise._settlePromise (http://localhost:5000/__cypress/runner/cypress_runner.js:116955:18)
    at Promise._settlePromiseCtx (http://localhost:5000/__cypress/runner/cypress_runner.js:116992:10)
    at Async../node_modules/bluebird/js/release/async.js.Async._drainQueue (http://localhost:5000/__cypress/runner/cypress_runner.js:113692:12)
    at Async../node_modules/bluebird/js/release/async.js.Async._drainQueues (http://localhost:5000/__cypress/runner/cypress_runner.js:113697:10)
    at Async.drainQueues (http://localhost:5000/__cypress/runner/cypress_runner.js:113571:14)
    at <anonymous>]]></failure>
    </testcase>
    <testcase name="Filters should be show empty results if filter by invalid name or invalid city (example #2)" time="0" classname="should be show empty results if filter by invalid name or invalid city (example #2)">
      <failure message="Blocked a frame with origin &quot;http://localhost:5000&quot; from accessing a cross-origin frame." type="SecurityError"><![CDATA[Error: Blocked a frame with origin "http://localhost:5000" from accessing a cross-origin frame.
    at jquery (http://localhost:5000/__cypress/runner/cypress_runner.js:77103:46)
    at Object.getRemotejQueryInstance (http://localhost:5000/__cypress/runner/cypress_runner.js:77108:22)
    at Context.thenFn (http://localhost:5000/__cypress/runner/cypress_runner.js:71849:24)
    at Context.then (http://localhost:5000/__cypress/runner/cypress_runner.js:72229:21)
    at Context.<anonymous> (http://localhost:5000/__cypress/runner/cypress_runner.js:80256:21)
    at http://localhost:5000/__cypress/runner/cypress_runner.js:79783:33
    at tryCatcher (http://localhost:5000/__cypress/runner/cypress_runner.js:118962:23)
    at Promise._settlePromiseFromHandler (http://localhost:5000/__cypress/runner/cypress_runner.js:116898:31)
    at Promise._settlePromise (http://localhost:5000/__cypress/runner/cypress_runner.js:116955:18)
    at Promise._settlePromiseCtx (http://localhost:5000/__cypress/runner/cypress_runner.js:116992:10)
    at Async../node_modules/bluebird/js/release/async.js.Async._drainQueue (http://localhost:5000/__cypress/runner/cypress_runner.js:113692:12)
    at Async../node_modules/bluebird/js/release/async.js.Async._drainQueues (http://localhost:5000/__cypress/runner/cypress_runner.js:113697:10)
    at Async.drainQueues (http://localhost:5000/__cypress/runner/cypress_runner.js:113571:14)
    at <anonymous>]]></failure>
    </testcase>
    <testcase name="Filters should be show empty results if filter by invalid name or invalid city (example #3)" time="0" classname="should be show empty results if filter by invalid name or invalid city (example #3)">
      <failure message="Blocked a frame with origin &quot;http://localhost:5000&quot; from accessing a cross-origin frame." type="SecurityError"><![CDATA[Error: Blocked a frame with origin "http://localhost:5000" from accessing a cross-origin frame.
    at jquery (http://localhost:5000/__cypress/runner/cypress_runner.js:77103:46)
    at Object.getRemotejQueryInstance (http://localhost:5000/__cypress/runner/cypress_runner.js:77108:22)
    at Context.thenFn (http://localhost:5000/__cypress/runner/cypress_runner.js:71849:24)
    at Context.then (http://localhost:5000/__cypress/runner/cypress_runner.js:72229:21)
    at Context.<anonymous> (http://localhost:5000/__cypress/runner/cypress_runner.js:80256:21)
    at http://localhost:5000/__cypress/runner/cypress_runner.js:79783:33
    at tryCatcher (http://localhost:5000/__cypress/runner/cypress_runner.js:118962:23)
    at Promise._settlePromiseFromHandler (http://localhost:5000/__cypress/runner/cypress_runner.js:116898:31)
    at Promise._settlePromise (http://localhost:5000/__cypress/runner/cypress_runner.js:116955:18)
    at Promise._settlePromiseCtx (http://localhost:5000/__cypress/runner/cypress_runner.js:116992:10)
    at Async../node_modules/bluebird/js/release/async.js.Async._drainQueue (http://localhost:5000/__cypress/runner/cypress_runner.js:113692:12)
    at Async../node_modules/bluebird/js/release/async.js.Async._drainQueues (http://localhost:5000/__cypress/runner/cypress_runner.js:113697:10)
    at Async.drainQueues (http://localhost:5000/__cypress/runner/cypress_runner.js:113571:14)
    at <anonymous>]]></failure>
    </testcase>
    <testcase name="Filters should be show empty results if filter by invalid name or invalid city (example #4)" time="0" classname="should be show empty results if filter by invalid name or invalid city (example #4)">
      <failure message="Blocked a frame with origin &quot;http://localhost:5000&quot; from accessing a cross-origin frame." type="SecurityError"><![CDATA[Error: Blocked a frame with origin "http://localhost:5000" from accessing a cross-origin frame.
    at jquery (http://localhost:5000/__cypress/runner/cypress_runner.js:77103:46)
    at Object.getRemotejQueryInstance (http://localhost:5000/__cypress/runner/cypress_runner.js:77108:22)
    at Context.thenFn (http://localhost:5000/__cypress/runner/cypress_runner.js:71849:24)
    at Context.then (http://localhost:5000/__cypress/runner/cypress_runner.js:72229:21)
    at Context.<anonymous> (http://localhost:5000/__cypress/runner/cypress_runner.js:80256:21)
    at http://localhost:5000/__cypress/runner/cypress_runner.js:79783:33
    at tryCatcher (http://localhost:5000/__cypress/runner/cypress_runner.js:118962:23)
    at Promise._settlePromiseFromHandler (http://localhost:5000/__cypress/runner/cypress_runner.js:116898:31)
    at Promise._settlePromise (http://localhost:5000/__cypress/runner/cypress_runner.js:116955:18)
    at Promise._settlePromiseCtx (http://localhost:5000/__cypress/runner/cypress_runner.js:116992:10)
    at Async../node_modules/bluebird/js/release/async.js.Async._drainQueue (http://localhost:5000/__cypress/runner/cypress_runner.js:113692:12)
    at Async../node_modules/bluebird/js/release/async.js.Async._drainQueues (http://localhost:5000/__cypress/runner/cypress_runner.js:113697:10)
    at Async.drainQueues (http://localhost:5000/__cypress/runner/cypress_runner.js:113571:14)
    at <anonymous>]]></failure>
    </testcase>
    <testcase name="Filters should be possible apply filter by city" time="0" classname="should be possible apply filter by city">
      <failure message="Blocked a frame with origin &quot;http://localhost:5000&quot; from accessing a cross-origin frame." type="SecurityError"><![CDATA[Error: Blocked a frame with origin "http://localhost:5000" from accessing a cross-origin frame.
    at jquery (http://localhost:5000/__cypress/runner/cypress_runner.js:77103:46)
    at Object.getRemotejQueryInstance (http://localhost:5000/__cypress/runner/cypress_runner.js:77108:22)
    at Context.thenFn (http://localhost:5000/__cypress/runner/cypress_runner.js:71849:24)
    at Context.then (http://localhost:5000/__cypress/runner/cypress_runner.js:72229:21)
    at Context.<anonymous> (http://localhost:5000/__cypress/runner/cypress_runner.js:80256:21)
    at http://localhost:5000/__cypress/runner/cypress_runner.js:79783:33
    at tryCatcher (http://localhost:5000/__cypress/runner/cypress_runner.js:118962:23)
    at Promise._settlePromiseFromHandler (http://localhost:5000/__cypress/runner/cypress_runner.js:116898:31)
    at Promise._settlePromise (http://localhost:5000/__cypress/runner/cypress_runner.js:116955:18)
    at Promise._settlePromiseCtx (http://localhost:5000/__cypress/runner/cypress_runner.js:116992:10)
    at Async../node_modules/bluebird/js/release/async.js.Async._drainQueue (http://localhost:5000/__cypress/runner/cypress_runner.js:113692:12)
    at Async../node_modules/bluebird/js/release/async.js.Async._drainQueues (http://localhost:5000/__cypress/runner/cypress_runner.js:113697:10)
    at Async.drainQueues (http://localhost:5000/__cypress/runner/cypress_runner.js:113571:14)
    at <anonymous>]]></failure>
    </testcase>
    <testcase name="Filters should be possible to clear filter" time="0" classname="should be possible to clear filter">
      <failure message="Blocked a frame with origin &quot;http://localhost:5000&quot; from accessing a cross-origin frame." type="SecurityError"><![CDATA[Error: Blocked a frame with origin "http://localhost:5000" from accessing a cross-origin frame.
    at jquery (http://localhost:5000/__cypress/runner/cypress_runner.js:77103:46)
    at Object.getRemotejQueryInstance (http://localhost:5000/__cypress/runner/cypress_runner.js:77108:22)
    at Context.thenFn (http://localhost:5000/__cypress/runner/cypress_runner.js:71849:24)
    at Context.then (http://localhost:5000/__cypress/runner/cypress_runner.js:72229:21)
    at Context.<anonymous> (http://localhost:5000/__cypress/runner/cypress_runner.js:80256:21)
    at http://localhost:5000/__cypress/runner/cypress_runner.js:79783:33
    at tryCatcher (http://localhost:5000/__cypress/runner/cypress_runner.js:118962:23)
    at Promise._settlePromiseFromHandler (http://localhost:5000/__cypress/runner/cypress_runner.js:116898:31)
    at Promise._settlePromise (http://localhost:5000/__cypress/runner/cypress_runner.js:116955:18)
    at Promise._settlePromiseCtx (http://localhost:5000/__cypress/runner/cypress_runner.js:116992:10)
    at Async../node_modules/bluebird/js/release/async.js.Async._drainQueue (http://localhost:5000/__cypress/runner/cypress_runner.js:113692:12)
    at Async../node_modules/bluebird/js/release/async.js.Async._drainQueues (http://localhost:5000/__cypress/runner/cypress_runner.js:113697:10)
    at Async.drainQueues (http://localhost:5000/__cypress/runner/cypress_runner.js:113571:14)
    at <anonymous>]]></failure>
    </testcase>
    <testcase name="Filters &quot;after all&quot; hook for &quot;should be possible to clear filter&quot;" time="0.292" classname="&quot;after all&quot; hook for &quot;should be possible to clear filter&quot;">
      <failure message="Blocked a frame with origin &quot;http://localhost:5000&quot; from accessing a cross-origin frame." type="SecurityError"><![CDATA[Error: Blocked a frame with origin "http://localhost:5000" from accessing a cross-origin frame.
    at jquery (http://localhost:5000/__cypress/runner/cypress_runner.js:77103:46)
    at Object.getRemotejQueryInstance (http://localhost:5000/__cypress/runner/cypress_runner.js:77108:22)
    at Context.thenFn (http://localhost:5000/__cypress/runner/cypress_runner.js:71849:24)
    at Context.then (http://localhost:5000/__cypress/runner/cypress_runner.js:72229:21)
    at Context.<anonymous> (http://localhost:5000/__cypress/runner/cypress_runner.js:80256:21)
    at http://localhost:5000/__cypress/runner/cypress_runner.js:79783:33
    at tryCatcher (http://localhost:5000/__cypress/runner/cypress_runner.js:118962:23)
    at Promise._settlePromiseFromHandler (http://localhost:5000/__cypress/runner/cypress_runner.js:116898:31)
    at Promise._settlePromise (http://localhost:5000/__cypress/runner/cypress_runner.js:116955:18)
    at Promise._settlePromiseCtx (http://localhost:5000/__cypress/runner/cypress_runner.js:116992:10)
    at Async../node_modules/bluebird/js/release/async.js.Async._drainQueue (http://localhost:5000/__cypress/runner/cypress_runner.js:113692:12)
    at Async../node_modules/bluebird/js/release/async.js.Async._drainQueues (http://localhost:5000/__cypress/runner/cypress_runner.js:113697:10)
    at Async.drainQueues (http://localhost:5000/__cypress/runner/cypress_runner.js:113571:14)
    at <anonymous>]]></failure>
    </testcase>
  </testsuite>
</testsuites>