<?xml version="1.0" encoding="UTF-8"?>
<testsuites name="Mocha Tests" time="8.818" tests="12" failures="2">
  <testsuite name="Root Suite" timestamp="2019-09-29T19:19:51" tests="0" failures="0" time="0">
  </testsuite>
  <testsuite name="Filters" timestamp="2019-09-29T19:19:51" tests="12" failures="2" time="8.818">
    <testcase name="Filters should be possible apply filter by name (example #1)" time="1.36" classname="should be possible apply filter by name (example #1)">
    </testcase>
    <testcase name="Filters should be possible apply filter by name (example #2)" time="0" classname="should be possible apply filter by name (example #2)">
      <failure message="Timed out retrying: Expected to find element: &apos;[data-e2e=&quot;applied-section&quot;] [data-e2e=&quot;crew-member-container&quot;]&apos;, but never found it." type="CypressError"><![CDATA[CypressError: Timed out retrying: Expected to find element: '[data-e2e="applied-section"] [data-e2e="crew-member-container"]', but never found it.
    at Object.cypressErr (http://localhost:3000/__cypress/runner/cypress_runner.js:85348:11)
    at Object.throwErr (http://localhost:3000/__cypress/runner/cypress_runner.js:85303:18)
    at Object.throwErrByPath (http://localhost:3000/__cypress/runner/cypress_runner.js:85335:17)
    at retry (http://localhost:3000/__cypress/runner/cypress_runner.js:77321:16)
    at onFailFn (http://localhost:3000/__cypress/runner/cypress_runner.js:68422:16)
    at tryCatcher (http://localhost:3000/__cypress/runner/cypress_runner.js:118962:23)
    at Promise._settlePromiseFromHandler (http://localhost:3000/__cypress/runner/cypress_runner.js:116898:31)
    at Promise._settlePromise (http://localhost:3000/__cypress/runner/cypress_runner.js:116955:18)
    at Promise._settlePromise0 (http://localhost:3000/__cypress/runner/cypress_runner.js:117000:10)
    at Promise._settlePromises (http://localhost:3000/__cypress/runner/cypress_runner.js:117075:18)
    at Async../node_modules/bluebird/js/release/async.js.Async._drainQueue (http://localhost:3000/__cypress/runner/cypress_runner.js:113687:16)
    at Async../node_modules/bluebird/js/release/async.js.Async._drainQueues (http://localhost:3000/__cypress/runner/cypress_runner.js:113697:10)
    at Async.drainQueues (http://localhost:3000/__cypress/runner/cypress_runner.js:113571:14)]]></failure>
    </testcase>
    <testcase name="Filters should be possible apply filter by name (example #3)" time="0.642" classname="should be possible apply filter by name (example #3)">
    </testcase>
    <testcase name="Filters should be possible apply filter by name and city (example #1)" time="1.043" classname="should be possible apply filter by name and city (example #1)">
    </testcase>
    <testcase name="Filters should be possible apply filter by name and city (example #2)" time="0" classname="should be possible apply filter by name and city (example #2)">
      <failure message="Timed out retrying: Expected to find element: &apos;[data-e2e=&quot;applied-section&quot;] [data-e2e=&quot;crew-member-container&quot;]&apos;, but never found it." type="CypressError"><![CDATA[CypressError: Timed out retrying: Expected to find element: '[data-e2e="applied-section"] [data-e2e="crew-member-container"]', but never found it.
    at Object.cypressErr (http://localhost:3000/__cypress/runner/cypress_runner.js:85348:11)
    at Object.throwErr (http://localhost:3000/__cypress/runner/cypress_runner.js:85303:18)
    at Object.throwErrByPath (http://localhost:3000/__cypress/runner/cypress_runner.js:85335:17)
    at retry (http://localhost:3000/__cypress/runner/cypress_runner.js:77321:16)
    at onFailFn (http://localhost:3000/__cypress/runner/cypress_runner.js:68422:16)
    at tryCatcher (http://localhost:3000/__cypress/runner/cypress_runner.js:118962:23)
    at Promise._settlePromiseFromHandler (http://localhost:3000/__cypress/runner/cypress_runner.js:116898:31)
    at Promise._settlePromise (http://localhost:3000/__cypress/runner/cypress_runner.js:116955:18)
    at Promise._settlePromise0 (http://localhost:3000/__cypress/runner/cypress_runner.js:117000:10)
    at Promise._settlePromises (http://localhost:3000/__cypress/runner/cypress_runner.js:117075:18)
    at Async../node_modules/bluebird/js/release/async.js.Async._drainQueue (http://localhost:3000/__cypress/runner/cypress_runner.js:113687:16)
    at Async../node_modules/bluebird/js/release/async.js.Async._drainQueues (http://localhost:3000/__cypress/runner/cypress_runner.js:113697:10)
    at Async.drainQueues (http://localhost:3000/__cypress/runner/cypress_runner.js:113571:14)]]></failure>
    </testcase>
    <testcase name="Filters should be possible apply filter by name and city (example #3)" time="0.854" classname="should be possible apply filter by name and city (example #3)">
    </testcase>
    <testcase name="Filters should be show empty results if filter by invalid name or invalid city (example #1)" time="0.723" classname="should be show empty results if filter by invalid name or invalid city (example #1)">
    </testcase>
    <testcase name="Filters should be show empty results if filter by invalid name or invalid city (example #2)" time="0.86" classname="should be show empty results if filter by invalid name or invalid city (example #2)">
    </testcase>
    <testcase name="Filters should be show empty results if filter by invalid name or invalid city (example #3)" time="0.792" classname="should be show empty results if filter by invalid name or invalid city (example #3)">
    </testcase>
    <testcase name="Filters should be show empty results if filter by invalid name or invalid city (example #4)" time="1.281" classname="should be show empty results if filter by invalid name or invalid city (example #4)">
    </testcase>
    <testcase name="Filters should be possible apply filter by city" time="0.581" classname="should be possible apply filter by city">
    </testcase>
    <testcase name="Filters should be possible to clear filter" time="0.682" classname="should be possible to clear filter">
    </testcase>
  </testsuite>
</testsuites>