<?xml version="1.0" encoding="UTF-8"?>
<testsuites name="Mocha Tests" time="1.445" tests="5" failures="6">
  <testsuite name="Root Suite" timestamp="2019-09-29T19:09:34" tests="0" failures="0" time="0">
  </testsuite>
  <testsuite name="Sections" timestamp="2019-09-29T19:09:34" tests="5" failures="6" time="1.445">
    <testcase name="Sections should verify section title" time="0" classname="should verify section title">
      <failure message="Blocked a frame with origin &quot;http://localhost:5000&quot; from accessing a cross-origin frame." type="SecurityError"><![CDATA[Error: Blocked a frame with origin "http://localhost:5000" from accessing a cross-origin frame.
    at setWindowDocumentProps (http://localhost:5000/__cypress/runner/cypress_runner.js:79573:42)
    at HTMLIFrameElement.<anonymous> (http://localhost:5000/__cypress/runner/cypress_runner.js:80173:11)
    at HTMLIFrameElement.dispatch (http://localhost:5000/__cypress/runner/cypress_runner.js:16545:27)
    at HTMLIFrameElement.elemData.handle (http://localhost:5000/__cypress/runner/cypress_runner.js:16357:28)]]></failure>
    </testcase>
    <testcase name="Sections should be possible move tile from Applied to Interviewing section" time="0" classname="should be possible move tile from Applied to Interviewing section">
      <failure message="Blocked a frame with origin &quot;http://localhost:5000&quot; from accessing a cross-origin frame." type="SecurityError"><![CDATA[Error: Blocked a frame with origin "http://localhost:5000" from accessing a cross-origin frame.
    at jquery (http://localhost:5000/__cypress/runner/cypress_runner.js:77103:46)
    at Object.getRemotejQueryInstance (http://localhost:5000/__cypress/runner/cypress_runner.js:77108:22)
    at Context.thenFn (http://localhost:5000/__cypress/runner/cypress_runner.js:71849:24)
    at Context.then (http://localhost:5000/__cypress/runner/cypress_runner.js:72229:21)
    at Context.<anonymous> (http://localhost:5000/__cypress/runner/cypress_runner.js:80256:21)
    at http://localhost:5000/__cypress/runner/cypress_runner.js:79783:33
    at tryCatcher (http://localhost:5000/__cypress/runner/cypress_runner.js:118962:23)
    at Promise._settlePromiseFromHandler (http://localhost:5000/__cypress/runner/cypress_runner.js:116898:31)
    at Promise._settlePromise (http://localhost:5000/__cypress/runner/cypress_runner.js:116955:18)
    at Promise._settlePromiseCtx (http://localhost:5000/__cypress/runner/cypress_runner.js:116992:10)
    at Async../node_modules/bluebird/js/release/async.js.Async._drainQueue (http://localhost:5000/__cypress/runner/cypress_runner.js:113692:12)
    at Async../node_modules/bluebird/js/release/async.js.Async._drainQueues (http://localhost:5000/__cypress/runner/cypress_runner.js:113697:10)
    at Async.drainQueues (http://localhost:5000/__cypress/runner/cypress_runner.js:113571:14)
    at <anonymous>]]></failure>
    </testcase>
    <testcase name="Sections should be possible move tile from Hired to Interviewing section" time="0" classname="should be possible move tile from Hired to Interviewing section">
      <failure message="Blocked a frame with origin &quot;http://localhost:5000&quot; from accessing a cross-origin frame." type="SecurityError"><![CDATA[Error: Blocked a frame with origin "http://localhost:5000" from accessing a cross-origin frame.
    at jquery (http://localhost:5000/__cypress/runner/cypress_runner.js:77103:46)
    at Object.getRemotejQueryInstance (http://localhost:5000/__cypress/runner/cypress_runner.js:77108:22)
    at Context.thenFn (http://localhost:5000/__cypress/runner/cypress_runner.js:71849:24)
    at Context.then (http://localhost:5000/__cypress/runner/cypress_runner.js:72229:21)
    at Context.<anonymous> (http://localhost:5000/__cypress/runner/cypress_runner.js:80256:21)
    at http://localhost:5000/__cypress/runner/cypress_runner.js:79783:33
    at tryCatcher (http://localhost:5000/__cypress/runner/cypress_runner.js:118962:23)
    at Promise._settlePromiseFromHandler (http://localhost:5000/__cypress/runner/cypress_runner.js:116898:31)
    at Promise._settlePromise (http://localhost:5000/__cypress/runner/cypress_runner.js:116955:18)
    at Promise._settlePromiseCtx (http://localhost:5000/__cypress/runner/cypress_runner.js:116992:10)
    at Async../node_modules/bluebird/js/release/async.js.Async._drainQueue (http://localhost:5000/__cypress/runner/cypress_runner.js:113692:12)
    at Async../node_modules/bluebird/js/release/async.js.Async._drainQueues (http://localhost:5000/__cypress/runner/cypress_runner.js:113697:10)
    at Async.drainQueues (http://localhost:5000/__cypress/runner/cypress_runner.js:113571:14)
    at <anonymous>]]></failure>
    </testcase>
    <testcase name="Sections should be possible move tile from Applied to Hired section" time="0" classname="should be possible move tile from Applied to Hired section">
      <failure message="Blocked a frame with origin &quot;http://localhost:5000&quot; from accessing a cross-origin frame." type="SecurityError"><![CDATA[Error: Blocked a frame with origin "http://localhost:5000" from accessing a cross-origin frame.
    at jquery (http://localhost:5000/__cypress/runner/cypress_runner.js:77103:46)
    at Object.getRemotejQueryInstance (http://localhost:5000/__cypress/runner/cypress_runner.js:77108:22)
    at Context.thenFn (http://localhost:5000/__cypress/runner/cypress_runner.js:71849:24)
    at Context.then (http://localhost:5000/__cypress/runner/cypress_runner.js:72229:21)
    at Context.<anonymous> (http://localhost:5000/__cypress/runner/cypress_runner.js:80256:21)
    at http://localhost:5000/__cypress/runner/cypress_runner.js:79783:33
    at tryCatcher (http://localhost:5000/__cypress/runner/cypress_runner.js:118962:23)
    at Promise._settlePromiseFromHandler (http://localhost:5000/__cypress/runner/cypress_runner.js:116898:31)
    at Promise._settlePromise (http://localhost:5000/__cypress/runner/cypress_runner.js:116955:18)
    at Promise._settlePromiseCtx (http://localhost:5000/__cypress/runner/cypress_runner.js:116992:10)
    at Async../node_modules/bluebird/js/release/async.js.Async._drainQueue (http://localhost:5000/__cypress/runner/cypress_runner.js:113692:12)
    at Async../node_modules/bluebird/js/release/async.js.Async._drainQueues (http://localhost:5000/__cypress/runner/cypress_runner.js:113697:10)
    at Async.drainQueues (http://localhost:5000/__cypress/runner/cypress_runner.js:113571:14)
    at <anonymous>]]></failure>
    </testcase>
    <testcase name="Sections should be possible move tile from Hired to Applied section" time="0" classname="should be possible move tile from Hired to Applied section">
      <failure message="Blocked a frame with origin &quot;http://localhost:5000&quot; from accessing a cross-origin frame." type="SecurityError"><![CDATA[Error: Blocked a frame with origin "http://localhost:5000" from accessing a cross-origin frame.
    at jquery (http://localhost:5000/__cypress/runner/cypress_runner.js:77103:46)
    at Object.getRemotejQueryInstance (http://localhost:5000/__cypress/runner/cypress_runner.js:77108:22)
    at Context.thenFn (http://localhost:5000/__cypress/runner/cypress_runner.js:71849:24)
    at Context.then (http://localhost:5000/__cypress/runner/cypress_runner.js:72229:21)
    at Context.<anonymous> (http://localhost:5000/__cypress/runner/cypress_runner.js:80256:21)
    at http://localhost:5000/__cypress/runner/cypress_runner.js:79783:33
    at tryCatcher (http://localhost:5000/__cypress/runner/cypress_runner.js:118962:23)
    at Promise._settlePromiseFromHandler (http://localhost:5000/__cypress/runner/cypress_runner.js:116898:31)
    at Promise._settlePromise (http://localhost:5000/__cypress/runner/cypress_runner.js:116955:18)
    at Promise._settlePromiseCtx (http://localhost:5000/__cypress/runner/cypress_runner.js:116992:10)
    at Async../node_modules/bluebird/js/release/async.js.Async._drainQueue (http://localhost:5000/__cypress/runner/cypress_runner.js:113692:12)
    at Async../node_modules/bluebird/js/release/async.js.Async._drainQueues (http://localhost:5000/__cypress/runner/cypress_runner.js:113697:10)
    at Async.drainQueues (http://localhost:5000/__cypress/runner/cypress_runner.js:113571:14)
    at <anonymous>]]></failure>
    </testcase>
    <testcase name="Sections &quot;after all&quot; hook for &quot;should be possible move tile from Hired to Applied section&quot;" time="1.445" classname="&quot;after all&quot; hook for &quot;should be possible move tile from Hired to Applied section&quot;">
      <failure message="Blocked a frame with origin &quot;http://localhost:5000&quot; from accessing a cross-origin frame." type="SecurityError"><![CDATA[Error: Blocked a frame with origin "http://localhost:5000" from accessing a cross-origin frame.
    at jquery (http://localhost:5000/__cypress/runner/cypress_runner.js:77103:46)
    at Object.getRemotejQueryInstance (http://localhost:5000/__cypress/runner/cypress_runner.js:77108:22)
    at Context.thenFn (http://localhost:5000/__cypress/runner/cypress_runner.js:71849:24)
    at Context.then (http://localhost:5000/__cypress/runner/cypress_runner.js:72229:21)
    at Context.<anonymous> (http://localhost:5000/__cypress/runner/cypress_runner.js:80256:21)
    at http://localhost:5000/__cypress/runner/cypress_runner.js:79783:33
    at tryCatcher (http://localhost:5000/__cypress/runner/cypress_runner.js:118962:23)
    at Promise._settlePromiseFromHandler (http://localhost:5000/__cypress/runner/cypress_runner.js:116898:31)
    at Promise._settlePromise (http://localhost:5000/__cypress/runner/cypress_runner.js:116955:18)
    at Promise._settlePromiseCtx (http://localhost:5000/__cypress/runner/cypress_runner.js:116992:10)
    at Async../node_modules/bluebird/js/release/async.js.Async._drainQueue (http://localhost:5000/__cypress/runner/cypress_runner.js:113692:12)
    at Async../node_modules/bluebird/js/release/async.js.Async._drainQueues (http://localhost:5000/__cypress/runner/cypress_runner.js:113697:10)
    at Async.drainQueues (http://localhost:5000/__cypress/runner/cypress_runner.js:113571:14)
    at <anonymous>]]></failure>
    </testcase>
  </testsuite>
</testsuites>