<?xml version="1.0" encoding="UTF-8"?>
<testsuites name="Mocha Tests" time="4.777" tests="5" failures="0">
  <testsuite name="Root Suite" timestamp="2019-09-29T20:13:59" tests="0" failures="0" time="0">
  </testsuite>
  <testsuite name="Sections" timestamp="2019-09-29T20:13:59" tests="5" failures="0" time="4.777">
    <testcase name="Sections should verify section title" time="1.335" classname="should verify section title">
    </testcase>
    <testcase name="Sections should be possible move tile from Applied to Interviewing section" time="0.937" classname="should be possible move tile from Applied to Interviewing section">
    </testcase>
    <testcase name="Sections should be possible move tile from Hired to Interviewing section" time="0.57" classname="should be possible move tile from Hired to Interviewing section">
    </testcase>
    <testcase name="Sections should be possible move tile from Applied to Hired section" time="1.227" classname="should be possible move tile from Applied to Hired section">
    </testcase>
    <testcase name="Sections should be possible move tile from Hired to Applied section" time="0.708" classname="should be possible move tile from Hired to Applied section">
    </testcase>
  </testsuite>
</testsuites>